2024-04-19 03:03:55,598 [31m[1mWARNING: This is a development server. Do not use it in a production deployment. Use a production WSGI server instead.[0m
 * Running on http://127.0.0.1:5000
2024-04-19 03:03:55,598 [33mPress CTRL+C to quit[0m
2024-04-19 03:03:55,601  * Restarting with stat
2024-04-19 03:03:55,681  * Debugger is active!
2024-04-19 03:03:55,689  * Debugger PIN: 996-825-364
2024-04-19 03:04:02,744  * Detected change in '/Users/bellalutz/Desktop/assignment4/quiz.py', reloading
2024-04-19 03:04:02,767  * Restarting with stat
2024-04-19 03:04:02,862  * Debugger is active!
2024-04-19 03:04:02,867  * Debugger PIN: 996-825-364
2024-04-19 03:04:04,506 [31m[1mWARNING: This is a development server. Do not use it in a production deployment. Use a production WSGI server instead.[0m
 * Running on http://127.0.0.1:5000
2024-04-19 03:04:04,506 [33mPress CTRL+C to quit[0m
2024-04-19 03:04:04,507  * Restarting with stat
2024-04-19 03:04:04,582  * Debugger is active!
2024-04-19 03:04:04,587  * Debugger PIN: 996-825-364
2024-04-19 03:04:29,805  * Detected change in '/Users/bellalutz/Desktop/assignment4/quiz.py', reloading
2024-04-19 03:04:29,840  * Restarting with stat
2024-04-19 03:04:29,963  * Debugger is active!
2024-04-19 03:04:29,972  * Debugger PIN: 996-825-364
2024-04-19 03:04:57,116 [31m[1mWARNING: This is a development server. Do not use it in a production deployment. Use a production WSGI server instead.[0m
 * Running on http://127.0.0.1:5000
2024-04-19 03:04:57,116 [33mPress CTRL+C to quit[0m
2024-04-19 03:04:57,118  * Restarting with stat
2024-04-19 03:04:57,193  * Debugger is active!
2024-04-19 03:04:57,199  * Debugger PIN: 996-825-364
2024-04-19 03:05:10,593 127.0.0.1 - - [19/Apr/2024 03:05:10] "GET / HTTP/1.1" 200 -
2024-04-19 03:05:20,808 127.0.0.1 - - [19/Apr/2024 03:05:20] "GET /quiz/quiz2?timer_value=14 HTTP/1.1" 200 -
2024-04-19 03:09:15,562  * Detected change in '/Users/bellalutz/Desktop/assignment4/quiz.py', reloading
2024-04-19 03:09:15,602  * Restarting with stat
2024-04-19 03:09:15,732 - WARNING -  * Debugger is active!
2024-04-19 03:09:15,740 - INFO -  * Debugger PIN: 996-825-364
2024-04-19 03:09:16,394 - INFO - [31m[1mWARNING: This is a development server. Do not use it in a production deployment. Use a production WSGI server instead.[0m
 * Running on http://127.0.0.1:5000
2024-04-19 03:09:16,394 - INFO - [33mPress CTRL+C to quit[0m
2024-04-19 03:09:16,395 - INFO -  * Restarting with stat
2024-04-19 03:09:16,471 - WARNING -  * Debugger is active!
2024-04-19 03:09:16,476 - INFO -  * Debugger PIN: 996-825-364
2024-04-19 03:09:19,030 - INFO - 127.0.0.1 - - [19/Apr/2024 03:09:19] "GET / HTTP/1.1" 200 -
2024-04-19 03:09:30,894 - INFO - 127.0.0.1 - - [19/Apr/2024 03:09:30] "GET /quiz/quiz4?timer_value=29 HTTP/1.1" 200 -
2024-04-19 03:16:34,728 - INFO -  * Detected change in '/Users/bellalutz/Desktop/assignment4/quiz.py', reloading
2024-04-19 03:16:34,769 - INFO -  * Restarting with stat
2024-04-19 03:16:34,897 - WARNING -  * Debugger is active!
2024-04-19 03:16:34,919 - INFO -  * Debugger PIN: 996-825-364
2024-04-19 03:16:44,997 - INFO -  * Detected change in '/Users/bellalutz/Desktop/assignment4/quiz.py', reloading
2024-04-19 03:16:45,034 - INFO -  * Restarting with stat
2024-04-19 03:16:45,121 - WARNING -  * Debugger is active!
2024-04-19 03:16:45,125 - INFO -  * Debugger PIN: 996-825-364
2024-04-19 03:16:52,227 - INFO - [31m[1mWARNING: This is a development server. Do not use it in a production deployment. Use a production WSGI server instead.[0m
 * Running on http://127.0.0.1:5000
2024-04-19 03:16:52,227 - INFO - [33mPress CTRL+C to quit[0m
2024-04-19 03:16:52,228 - INFO -  * Restarting with stat
2024-04-19 03:16:52,306 - WARNING -  * Debugger is active!
2024-04-19 03:16:52,313 - INFO -  * Debugger PIN: 996-825-364
2024-04-19 03:16:53,896 - INFO - 127.0.0.1 - - [19/Apr/2024 03:16:53] "GET / HTTP/1.1" 200 -
2024-04-19 03:17:23,636 - INFO - 127.0.0.1 - - [19/Apr/2024 03:17:23] "GET /quiz/quiz4?timer_value=24 HTTP/1.1" 200 -
2024-04-19 03:18:30,189 - INFO -  * Detected change in '/Users/bellalutz/Desktop/assignment4/quiz.py', reloading
2024-04-19 03:18:30,206 - INFO -  * Restarting with stat
2024-04-19 03:18:30,327  * Debugger is active!
2024-04-19 03:18:30,334  * Debugger PIN: 996-825-364
2024-04-19 03:18:31,958 [31m[1mWARNING: This is a development server. Do not use it in a production deployment. Use a production WSGI server instead.[0m
 * Running on http://127.0.0.1:5000
2024-04-19 03:18:31,958 [33mPress CTRL+C to quit[0m
2024-04-19 03:18:31,960  * Restarting with stat
2024-04-19 03:18:32,034  * Debugger is active!
2024-04-19 03:18:32,039  * Debugger PIN: 996-825-364
2024-04-19 03:18:47,156  * Detected change in '/Users/bellalutz/Desktop/assignment4/quiz.py', reloading
2024-04-19 03:18:47,177  * Restarting with stat
2024-04-19 03:18:47,293 - WARNING -  * Debugger is active!
2024-04-19 03:18:47,299 - INFO -  * Debugger PIN: 996-825-364
2024-04-19 03:18:48,041 - INFO - [31m[1mWARNING: This is a development server. Do not use it in a production deployment. Use a production WSGI server instead.[0m
 * Running on http://127.0.0.1:5000
2024-04-19 03:18:48,041 - INFO - [33mPress CTRL+C to quit[0m
2024-04-19 03:18:48,042 - INFO -  * Restarting with stat
2024-04-19 03:18:48,123 - WARNING -  * Debugger is active!
2024-04-19 03:18:48,127 - INFO -  * Debugger PIN: 996-825-364
2024-04-19 15:09:18,179 - INFO - [31m[1mWARNING: This is a development server. Do not use it in a production deployment. Use a production WSGI server instead.[0m
 * Running on http://127.0.0.1:5000
2024-04-19 15:09:18,179 - INFO - [33mPress CTRL+C to quit[0m
2024-04-19 15:09:18,183 - INFO -  * Restarting with stat
2024-04-19 15:09:18,258 - WARNING -  * Debugger is active!
2024-04-19 15:09:18,265 - INFO -  * Debugger PIN: 996-825-364
2024-04-19 15:09:20,184 - INFO - 127.0.0.1 - - [19/Apr/2024 15:09:20] "GET / HTTP/1.1" 200 -
2024-04-19 15:10:20,817 - INFO -  * Detected change in '/Users/bellalutz/Desktop/assignment4/quiz.py', reloading
2024-04-19 15:10:20,834 - INFO -  * Restarting with stat
2024-04-19 15:10:21,075 - WARNING -  * Debugger is active!
2024-04-19 15:10:21,091 - INFO -  * Debugger PIN: 996-825-364
2024-04-19 15:14:48,787 - INFO -  * Detected change in '/Users/bellalutz/Desktop/assignment4/quiz.py', reloading
2024-04-19 15:14:48,808 - INFO -  * Restarting with stat
2024-04-19 15:14:48,935 - WARNING -  * Debugger is active!
2024-04-19 15:14:48,943 - INFO -  * Debugger PIN: 996-825-364
